This is pdfTeX, Version 3.14159265-2.6-1.40.19 (MiKTeX 2.9.6745 64-bit) (preloaded format=pdflatex 2018.7.12)  16 MAR 2019 15:15
entering extended mode
**"./Lab 11 - Obstacle Avoidance.tex"
("Lab 11 - Obstacle Avoidance.tex"
LaTeX2e <2018-04-01> patch level 5
(C:\Users\Steven.beyer\AppData\Local\MiKTeX\2.9\tex\latex\local\handout.cls
Document Class: handout 

("C:\Users\Steven.beyer\AppData\Local\Programs\MiKTeX 2.9\tex\latex\base\ifthen
.sty"
Package: ifthen 2014/09/29 v1.1c Standard LaTeX ifthen package (DPC)
)
("C:\Users\Steven.beyer\AppData\Local\Programs\MiKTeX 2.9\tex\latex\fancyhdr\fa
ncyhdr.sty"
Package: fancyhdr 2017/06/30 v3.9a Extensive control of page headers and footer
s
\f@nch@headwidth=\skip41
\f@nch@O@elh=\skip42
\f@nch@O@erh=\skip43
\f@nch@O@olh=\skip44
\f@nch@O@orh=\skip45
\f@nch@O@elf=\skip46
\f@nch@O@erf=\skip47
\f@nch@O@olf=\skip48
\f@nch@O@orf=\skip49
)
("C:\Users\Steven.beyer\AppData\Local\Programs\MiKTeX 2.9\tex\latex\lastpage\la
stpage.sty"
Package: lastpage 2015/03/29 v1.2m Refers to last page's name (HMM; JPG)
)
("C:\Users\Steven.beyer\AppData\Local\Programs\MiKTeX 2.9\tex\latex\amsfonts\am
ssymb.sty"
Package: amssymb 2013/01/14 v3.01 AMS font symbols

("C:\Users\Steven.beyer\AppData\Local\Programs\MiKTeX 2.9\tex\latex\amsfonts\am
sfonts.sty"
Package: amsfonts 2013/01/14 v3.01 Basic AMSFonts support
\@emptytoks=\toks14
\symAMSa=\mathgroup4
\symAMSb=\mathgroup5
LaTeX Font Info:    Overwriting math alphabet `\mathfrak' in version `bold'
(Font)                  U/euf/m/n --> U/euf/b/n on input line 106.
))
("C:\Users\Steven.beyer\AppData\Local\Programs\MiKTeX 2.9\tex\latex\amsmath\ams
math.sty"
Package: amsmath 2017/09/02 v2.17a AMS math features
\@mathmargin=\skip50

For additional information on amsmath, use the `?' option.

("C:\Users\Steven.beyer\AppData\Local\Programs\MiKTeX 2.9\tex\latex\amsmath\ams
text.sty"
Package: amstext 2000/06/29 v2.01 AMS text

("C:\Users\Steven.beyer\AppData\Local\Programs\MiKTeX 2.9\tex\latex\amsmath\ams
gen.sty"
File: amsgen.sty 1999/11/30 v2.0 generic functions
\@emptytoks=\toks15
\ex@=\dimen102
))
("C:\Users\Steven.beyer\AppData\Local\Programs\MiKTeX 2.9\tex\latex\amsmath\ams
bsy.sty"
Package: amsbsy 1999/11/29 v1.2d Bold Symbols
\pmbraise@=\dimen103
)
("C:\Users\Steven.beyer\AppData\Local\Programs\MiKTeX 2.9\tex\latex\amsmath\ams
opn.sty"
Package: amsopn 2016/03/08 v2.02 operator names
)
\inf@bad=\count80
LaTeX Info: Redefining \frac on input line 213.
\uproot@=\count81
\leftroot@=\count82
LaTeX Info: Redefining \overline on input line 375.
\classnum@=\count83
\DOTSCASE@=\count84
LaTeX Info: Redefining \ldots on input line 472.
LaTeX Info: Redefining \dots on input line 475.
LaTeX Info: Redefining \cdots on input line 596.
\Mathstrutbox@=\box26
\strutbox@=\box27
\big@size=\dimen104
LaTeX Font Info:    Redeclaring font encoding OML on input line 712.
LaTeX Font Info:    Redeclaring font encoding OMS on input line 713.
\macc@depth=\count85
\c@MaxMatrixCols=\count86
\dotsspace@=\muskip10
\c@parentequation=\count87
\dspbrk@lvl=\count88
\tag@help=\toks16
\row@=\count89
\column@=\count90
\maxfields@=\count91
\andhelp@=\toks17
\eqnshift@=\dimen105
\alignsep@=\dimen106
\tagshift@=\dimen107
\tagwidth@=\dimen108
\totwidth@=\dimen109
\lineht@=\dimen110
\@envbody=\toks18
\multlinegap=\skip51
\multlinetaggap=\skip52
\mathdisplay@stack=\toks19
LaTeX Info: Redefining \[ on input line 2817.
LaTeX Info: Redefining \] on input line 2818.
)
("C:\Users\Steven.beyer\AppData\Local\Programs\MiKTeX 2.9\tex\latex\jknappen\ma
thrsfs.sty"
Package: mathrsfs 1996/01/01 Math RSFS package v1.0 (jk)
\symrsfs=\mathgroup6
)
("C:\Users\Steven.beyer\AppData\Local\Programs\MiKTeX 2.9\tex\latex\float\float
.sty"
Package: float 2001/11/08 v1.3d Float enhancements (AL)
\c@float@type=\count92
\float@exts=\toks20
\float@box=\box28
\@float@everytoks=\toks21
\@floatcapt=\box29
)
("C:\Users\Steven.beyer\AppData\Local\Programs\MiKTeX 2.9\tex\latex\graphics\co
lor.sty"
Package: color 2016/07/10 v1.1e Standard LaTeX Color (DPC)

("C:\Users\Steven.beyer\AppData\Local\Programs\MiKTeX 2.9\tex\latex\graphics-cf
g\color.cfg"
File: color.cfg 2016/01/02 v1.6 sample color configuration
)
Package color Info: Driver file: pdftex.def on input line 147.

("C:\Users\Steven.beyer\AppData\Local\Programs\MiKTeX 2.9\tex\latex\graphics-de
f\pdftex.def"
File: pdftex.def 2018/01/08 v1.0l Graphics/color driver for pdftex
))
("C:\Users\Steven.beyer\AppData\Local\Programs\MiKTeX 2.9\tex\latex\graphics\gr
aphicx.sty"
Package: graphicx 2017/06/01 v1.1a Enhanced LaTeX Graphics (DPC,SPQR)

("C:\Users\Steven.beyer\AppData\Local\Programs\MiKTeX 2.9\tex\latex\graphics\ke
yval.sty"
Package: keyval 2014/10/28 v1.15 key=value parser (DPC)
\KV@toks@=\toks22
)
("C:\Users\Steven.beyer\AppData\Local\Programs\MiKTeX 2.9\tex\latex\graphics\gr
aphics.sty"
Package: graphics 2017/06/25 v1.2c Standard LaTeX Graphics (DPC,SPQR)

("C:\Users\Steven.beyer\AppData\Local\Programs\MiKTeX 2.9\tex\latex\graphics\tr
ig.sty"
Package: trig 2016/01/03 v1.10 sin cos tan (DPC)
)
("C:\Users\Steven.beyer\AppData\Local\Programs\MiKTeX 2.9\tex\latex\graphics-cf
g\graphics.cfg"
File: graphics.cfg 2016/06/04 v1.11 sample graphics configuration
)
Package graphics Info: Driver file: pdftex.def on input line 99.
)
\Gin@req@height=\dimen111
\Gin@req@width=\dimen112
)
("C:\Users\Steven.beyer\AppData\Local\Programs\MiKTeX 2.9\tex\latex\xcolor\xcol
or.sty"
Package: xcolor 2016/05/11 v2.12 LaTeX color extensions (UK)

("C:\Users\Steven.beyer\AppData\Local\Programs\MiKTeX 2.9\tex\latex\graphics-cf
g\color.cfg"
File: color.cfg 2016/01/02 v1.6 sample color configuration
)
Package xcolor Info: Driver file: pdftex.def on input line 225.

("C:\Users\Steven.beyer\AppData\Local\Programs\MiKTeX 2.9\tex\latex\colortbl\co
lortbl.sty"
Package: colortbl 2018/05/02 v1.0c Color table columns (DPC)

("C:\Users\Steven.beyer\AppData\Local\Programs\MiKTeX 2.9\tex\latex\tools\array
.sty"
Package: array 2018/04/30 v2.4h Tabular extension package (FMi)
\col@sep=\dimen113
\ar@mcellbox=\box30
\extrarowheight=\dimen114
\NC@list=\toks23
\extratabsurround=\skip53
\backup@length=\skip54
\ar@cellbox=\box31
)
\everycr=\toks24
\minrowclearance=\skip55
)
LaTeX Info: Redefining \color on input line 709.
\rownum=\count93
Package xcolor Info: Model `cmy' substituted by `cmy0' on input line 1348.
Package xcolor Info: Model `hsb' substituted by `rgb' on input line 1352.
Package xcolor Info: Model `RGB' extended on input line 1364.
Package xcolor Info: Model `HTML' substituted by `rgb' on input line 1366.
Package xcolor Info: Model `Hsb' substituted by `hsb' on input line 1367.
Package xcolor Info: Model `tHsb' substituted by `hsb' on input line 1368.
Package xcolor Info: Model `HSB' substituted by `hsb' on input line 1369.
Package xcolor Info: Model `Gray' substituted by `gray' on input line 1370.
Package xcolor Info: Model `wave' substituted by `hsb' on input line 1371.
)
("C:\Users\Steven.beyer\AppData\Local\Programs\MiKTeX 2.9\tex\latex\multirow\mu
ltirow.sty"
Package: multirow 2016/11/25 v2.2 Span multiple rows of a table
\multirow@colwidth=\skip56
\multirow@cntb=\count94
\multirow@dima=\skip57
\bigstrutjot=\dimen115
)
("C:\Users\Steven.beyer\AppData\Local\Programs\MiKTeX 2.9\tex\latex\circuitikz\
circuitikz.sty"
Package: circuitikz 2017/05/28{} The CircuiTikz circuit drawing package version
 0.8.3

("C:\Users\Steven.beyer\AppData\Local\Programs\MiKTeX 2.9\tex\latex\pgf\fronten
dlayer\tikz.sty"
("C:\Users\Steven.beyer\AppData\Local\Programs\MiKTeX 2.9\tex\latex\pgf\basicla
yer\pgf.sty"
("C:\Users\Steven.beyer\AppData\Local\Programs\MiKTeX 2.9\tex\latex\pgf\utiliti
es\pgfrcs.sty"
("C:\Users\Steven.beyer\AppData\Local\Programs\MiKTeX 2.9\tex\generic\pgf\utili
ties\pgfutil-common.tex"
\pgfutil@everybye=\toks25
\pgfutil@tempdima=\dimen116
\pgfutil@tempdimb=\dimen117

("C:\Users\Steven.beyer\AppData\Local\Programs\MiKTeX 2.9\tex\generic\pgf\utili
ties\pgfutil-common-lists.tex"))
("C:\Users\Steven.beyer\AppData\Local\Programs\MiKTeX 2.9\tex\generic\pgf\utili
ties\pgfutil-latex.def"
\pgfutil@abb=\box32

("C:\Users\Steven.beyer\AppData\Local\Programs\MiKTeX 2.9\tex\latex\ms\everyshi
.sty"
Package: everyshi 2001/05/15 v3.00 EveryShipout Package (MS)
))
("C:\Users\Steven.beyer\AppData\Local\Programs\MiKTeX 2.9\tex\generic\pgf\utili
ties\pgfrcs.code.tex"
Package: pgfrcs 2015/08/07 v3.0.1a (rcs-revision 1.31)
))
Package: pgf 2015/08/07 v3.0.1a (rcs-revision 1.15)

("C:\Users\Steven.beyer\AppData\Local\Programs\MiKTeX 2.9\tex\latex\pgf\basicla
yer\pgfcore.sty"
("C:\Users\Steven.beyer\AppData\Local\Programs\MiKTeX 2.9\tex\latex\pgf\systeml
ayer\pgfsys.sty"
("C:\Users\Steven.beyer\AppData\Local\Programs\MiKTeX 2.9\tex\generic\pgf\syste
mlayer\pgfsys.code.tex"
Package: pgfsys 2014/07/09 v3.0.1a (rcs-revision 1.48)

("C:\Users\Steven.beyer\AppData\Local\Programs\MiKTeX 2.9\tex\generic\pgf\utili
ties\pgfkeys.code.tex"
\pgfkeys@pathtoks=\toks26
\pgfkeys@temptoks=\toks27

("C:\Users\Steven.beyer\AppData\Local\Programs\MiKTeX 2.9\tex\generic\pgf\utili
ties\pgfkeysfiltered.code.tex"
\pgfkeys@tmptoks=\toks28
))
\pgf@x=\dimen118
\pgf@y=\dimen119
\pgf@xa=\dimen120
\pgf@ya=\dimen121
\pgf@xb=\dimen122
\pgf@yb=\dimen123
\pgf@xc=\dimen124
\pgf@yc=\dimen125
\w@pgf@writea=\write3
\r@pgf@reada=\read1
\c@pgf@counta=\count95
\c@pgf@countb=\count96
\c@pgf@countc=\count97
\c@pgf@countd=\count98
\t@pgf@toka=\toks29
\t@pgf@tokb=\toks30
\t@pgf@tokc=\toks31

("C:\Users\Steven.beyer\AppData\Local\Programs\MiKTeX 2.9\tex\generic\pgf\syste
mlayer\pgf.cfg"
File: pgf.cfg 2008/05/14  (rcs-revision 1.7)
)
Driver file for pgf: pgfsys-pdftex.def

("C:\Users\Steven.beyer\AppData\Local\Programs\MiKTeX 2.9\tex\generic\pgf\syste
mlayer\pgfsys-pdftex.def"
File: pgfsys-pdftex.def 2014/10/11  (rcs-revision 1.35)

("C:\Users\Steven.beyer\AppData\Local\Programs\MiKTeX 2.9\tex\generic\pgf\syste
mlayer\pgfsys-common-pdf.def"
File: pgfsys-common-pdf.def 2013/10/10  (rcs-revision 1.13)
)))
("C:\Users\Steven.beyer\AppData\Local\Programs\MiKTeX 2.9\tex\generic\pgf\syste
mlayer\pgfsyssoftpath.code.tex"
File: pgfsyssoftpath.code.tex 2013/09/09  (rcs-revision 1.9)
\pgfsyssoftpath@smallbuffer@items=\count99
\pgfsyssoftpath@bigbuffer@items=\count100
)
("C:\Users\Steven.beyer\AppData\Local\Programs\MiKTeX 2.9\tex\generic\pgf\syste
mlayer\pgfsysprotocol.code.tex"
File: pgfsysprotocol.code.tex 2006/10/16  (rcs-revision 1.4)
))
("C:\Users\Steven.beyer\AppData\Local\Programs\MiKTeX 2.9\tex\generic\pgf\basic
layer\pgfcore.code.tex"
Package: pgfcore 2010/04/11 v3.0.1a (rcs-revision 1.7)

("C:\Users\Steven.beyer\AppData\Local\Programs\MiKTeX 2.9\tex\generic\pgf\math\
pgfmath.code.tex"
("C:\Users\Steven.beyer\AppData\Local\Programs\MiKTeX 2.9\tex\generic\pgf\math\
pgfmathcalc.code.tex"
("C:\Users\Steven.beyer\AppData\Local\Programs\MiKTeX 2.9\tex\generic\pgf\math\
pgfmathutil.code.tex")
("C:\Users\Steven.beyer\AppData\Local\Programs\MiKTeX 2.9\tex\generic\pgf\math\
pgfmathparser.code.tex"
\pgfmath@dimen=\dimen126
\pgfmath@count=\count101
\pgfmath@box=\box33
\pgfmath@toks=\toks32
\pgfmath@stack@operand=\toks33
\pgfmath@stack@operation=\toks34
)
("C:\Users\Steven.beyer\AppData\Local\Programs\MiKTeX 2.9\tex\generic\pgf\math\
pgfmathfunctions.code.tex"
("C:\Users\Steven.beyer\AppData\Local\Programs\MiKTeX 2.9\tex\generic\pgf\math\
pgfmathfunctions.basic.code.tex")
("C:\Users\Steven.beyer\AppData\Local\Programs\MiKTeX 2.9\tex\generic\pgf\math\
pgfmathfunctions.trigonometric.code.tex")
("C:\Users\Steven.beyer\AppData\Local\Programs\MiKTeX 2.9\tex\generic\pgf\math\
pgfmathfunctions.random.code.tex")
("C:\Users\Steven.beyer\AppData\Local\Programs\MiKTeX 2.9\tex\generic\pgf\math\
pgfmathfunctions.comparison.code.tex")
("C:\Users\Steven.beyer\AppData\Local\Programs\MiKTeX 2.9\tex\generic\pgf\math\
pgfmathfunctions.base.code.tex")
("C:\Users\Steven.beyer\AppData\Local\Programs\MiKTeX 2.9\tex\generic\pgf\math\
pgfmathfunctions.round.code.tex")
("C:\Users\Steven.beyer\AppData\Local\Programs\MiKTeX 2.9\tex\generic\pgf\math\
pgfmathfunctions.misc.code.tex")
("C:\Users\Steven.beyer\AppData\Local\Programs\MiKTeX 2.9\tex\generic\pgf\math\
pgfmathfunctions.integerarithmetics.code.tex")))
("C:\Users\Steven.beyer\AppData\Local\Programs\MiKTeX 2.9\tex\generic\pgf\math\
pgfmathfloat.code.tex"
\c@pgfmathroundto@lastzeros=\count102
))
("C:\Users\Steven.beyer\AppData\Local\Programs\MiKTeX 2.9\tex\generic\pgf\basic
layer\pgfcorepoints.code.tex"
File: pgfcorepoints.code.tex 2013/10/07  (rcs-revision 1.27)
\pgf@picminx=\dimen127
\pgf@picmaxx=\dimen128
\pgf@picminy=\dimen129
\pgf@picmaxy=\dimen130
\pgf@pathminx=\dimen131
\pgf@pathmaxx=\dimen132
\pgf@pathminy=\dimen133
\pgf@pathmaxy=\dimen134
\pgf@xx=\dimen135
\pgf@xy=\dimen136
\pgf@yx=\dimen137
\pgf@yy=\dimen138
\pgf@zx=\dimen139
\pgf@zy=\dimen140
)
("C:\Users\Steven.beyer\AppData\Local\Programs\MiKTeX 2.9\tex\generic\pgf\basic
layer\pgfcorepathconstruct.code.tex"
File: pgfcorepathconstruct.code.tex 2013/10/07  (rcs-revision 1.29)
\pgf@path@lastx=\dimen141
\pgf@path@lasty=\dimen142
)
("C:\Users\Steven.beyer\AppData\Local\Programs\MiKTeX 2.9\tex\generic\pgf\basic
layer\pgfcorepathusage.code.tex"
File: pgfcorepathusage.code.tex 2014/11/02  (rcs-revision 1.24)
\pgf@shorten@end@additional=\dimen143
\pgf@shorten@start@additional=\dimen144
)
("C:\Users\Steven.beyer\AppData\Local\Programs\MiKTeX 2.9\tex\generic\pgf\basic
layer\pgfcorescopes.code.tex"
File: pgfcorescopes.code.tex 2015/05/08  (rcs-revision 1.46)
\pgfpic=\box34
\pgf@hbox=\box35
\pgf@layerbox@main=\box36
\pgf@picture@serial@count=\count103
)
("C:\Users\Steven.beyer\AppData\Local\Programs\MiKTeX 2.9\tex\generic\pgf\basic
layer\pgfcoregraphicstate.code.tex"
File: pgfcoregraphicstate.code.tex 2014/11/02  (rcs-revision 1.12)
\pgflinewidth=\dimen145
)
("C:\Users\Steven.beyer\AppData\Local\Programs\MiKTeX 2.9\tex\generic\pgf\basic
layer\pgfcoretransformations.code.tex"
File: pgfcoretransformations.code.tex 2015/08/07  (rcs-revision 1.20)
\pgf@pt@x=\dimen146
\pgf@pt@y=\dimen147
\pgf@pt@temp=\dimen148
)
("C:\Users\Steven.beyer\AppData\Local\Programs\MiKTeX 2.9\tex\generic\pgf\basic
layer\pgfcorequick.code.tex"
File: pgfcorequick.code.tex 2008/10/09  (rcs-revision 1.3)
)
("C:\Users\Steven.beyer\AppData\Local\Programs\MiKTeX 2.9\tex\generic\pgf\basic
layer\pgfcoreobjects.code.tex"
File: pgfcoreobjects.code.tex 2006/10/11  (rcs-revision 1.2)
)
("C:\Users\Steven.beyer\AppData\Local\Programs\MiKTeX 2.9\tex\generic\pgf\basic
layer\pgfcorepathprocessing.code.tex"
File: pgfcorepathprocessing.code.tex 2013/09/09  (rcs-revision 1.9)
)
("C:\Users\Steven.beyer\AppData\Local\Programs\MiKTeX 2.9\tex\generic\pgf\basic
layer\pgfcorearrows.code.tex"
File: pgfcorearrows.code.tex 2015/05/14  (rcs-revision 1.43)
\pgfarrowsep=\dimen149
)
("C:\Users\Steven.beyer\AppData\Local\Programs\MiKTeX 2.9\tex\generic\pgf\basic
layer\pgfcoreshade.code.tex"
File: pgfcoreshade.code.tex 2013/07/15  (rcs-revision 1.15)
\pgf@max=\dimen150
\pgf@sys@shading@range@num=\count104
)
("C:\Users\Steven.beyer\AppData\Local\Programs\MiKTeX 2.9\tex\generic\pgf\basic
layer\pgfcoreimage.code.tex"
File: pgfcoreimage.code.tex 2013/07/15  (rcs-revision 1.18)

("C:\Users\Steven.beyer\AppData\Local\Programs\MiKTeX 2.9\tex\generic\pgf\basic
layer\pgfcoreexternal.code.tex"
File: pgfcoreexternal.code.tex 2014/07/09  (rcs-revision 1.21)
\pgfexternal@startupbox=\box37
))
("C:\Users\Steven.beyer\AppData\Local\Programs\MiKTeX 2.9\tex\generic\pgf\basic
layer\pgfcorelayers.code.tex"
File: pgfcorelayers.code.tex 2013/07/18  (rcs-revision 1.7)
)
("C:\Users\Steven.beyer\AppData\Local\Programs\MiKTeX 2.9\tex\generic\pgf\basic
layer\pgfcoretransparency.code.tex"
File: pgfcoretransparency.code.tex 2013/09/30  (rcs-revision 1.5)
)
("C:\Users\Steven.beyer\AppData\Local\Programs\MiKTeX 2.9\tex\generic\pgf\basic
layer\pgfcorepatterns.code.tex"
File: pgfcorepatterns.code.tex 2013/11/07  (rcs-revision 1.5)
)))
("C:\Users\Steven.beyer\AppData\Local\Programs\MiKTeX 2.9\tex\generic\pgf\modul
es\pgfmoduleshapes.code.tex"
File: pgfmoduleshapes.code.tex 2014/03/21  (rcs-revision 1.35)
\pgfnodeparttextbox=\box38
)
("C:\Users\Steven.beyer\AppData\Local\Programs\MiKTeX 2.9\tex\generic\pgf\modul
es\pgfmoduleplot.code.tex"
File: pgfmoduleplot.code.tex 2015/08/03  (rcs-revision 1.13)
)
("C:\Users\Steven.beyer\AppData\Local\Programs\MiKTeX 2.9\tex\latex\pgf\compati
bility\pgfcomp-version-0-65.sty"
Package: pgfcomp-version-0-65 2007/07/03 v3.0.1a (rcs-revision 1.7)
\pgf@nodesepstart=\dimen151
\pgf@nodesepend=\dimen152
)
("C:\Users\Steven.beyer\AppData\Local\Programs\MiKTeX 2.9\tex\latex\pgf\compati
bility\pgfcomp-version-1-18.sty"
Package: pgfcomp-version-1-18 2007/07/23 v3.0.1a (rcs-revision 1.1)
))
("C:\Users\Steven.beyer\AppData\Local\Programs\MiKTeX 2.9\tex\latex\pgf\utiliti
es\pgffor.sty"
("C:\Users\Steven.beyer\AppData\Local\Programs\MiKTeX 2.9\tex\latex\pgf\utiliti
es\pgfkeys.sty"
("C:\Users\Steven.beyer\AppData\Local\Programs\MiKTeX 2.9\tex\generic\pgf\utili
ties\pgfkeys.code.tex"))
("C:\Users\Steven.beyer\AppData\Local\Programs\MiKTeX 2.9\tex\latex\pgf\math\pg
fmath.sty"
("C:\Users\Steven.beyer\AppData\Local\Programs\MiKTeX 2.9\tex\generic\pgf\math\
pgfmath.code.tex"))
("C:\Users\Steven.beyer\AppData\Local\Programs\MiKTeX 2.9\tex\generic\pgf\utili
ties\pgffor.code.tex"
Package: pgffor 2013/12/13 v3.0.1a (rcs-revision 1.25)

("C:\Users\Steven.beyer\AppData\Local\Programs\MiKTeX 2.9\tex\generic\pgf\math\
pgfmath.code.tex")
\pgffor@iter=\dimen153
\pgffor@skip=\dimen154
\pgffor@stack=\toks35
\pgffor@toks=\toks36
))
("C:\Users\Steven.beyer\AppData\Local\Programs\MiKTeX 2.9\tex\generic\pgf\front
endlayer\tikz\tikz.code.tex"
Package: tikz 2015/08/07 v3.0.1a (rcs-revision 1.151)

("C:\Users\Steven.beyer\AppData\Local\Programs\MiKTeX 2.9\tex\generic\pgf\libra
ries\pgflibraryplothandlers.code.tex"
File: pgflibraryplothandlers.code.tex 2013/08/31 v3.0.1a (rcs-revision 1.20)
\pgf@plot@mark@count=\count105
\pgfplotmarksize=\dimen155
)
\tikz@lastx=\dimen156
\tikz@lasty=\dimen157
\tikz@lastxsaved=\dimen158
\tikz@lastysaved=\dimen159
\tikzleveldistance=\dimen160
\tikzsiblingdistance=\dimen161
\tikz@figbox=\box39
\tikz@figbox@bg=\box40
\tikz@tempbox=\box41
\tikz@tempbox@bg=\box42
\tikztreelevel=\count106
\tikznumberofchildren=\count107
\tikznumberofcurrentchild=\count108
\tikz@fig@count=\count109

("C:\Users\Steven.beyer\AppData\Local\Programs\MiKTeX 2.9\tex\generic\pgf\modul
es\pgfmodulematrix.code.tex"
File: pgfmodulematrix.code.tex 2013/09/17  (rcs-revision 1.8)
\pgfmatrixcurrentrow=\count110
\pgfmatrixcurrentcolumn=\count111
\pgf@matrix@numberofcolumns=\count112
)
\tikz@expandcount=\count113

("C:\Users\Steven.beyer\AppData\Local\Programs\MiKTeX 2.9\tex\generic\pgf\front
endlayer\tikz\libraries\tikzlibrarytopaths.code.tex"
File: tikzlibrarytopaths.code.tex 2008/06/17 v3.0.1a (rcs-revision 1.2)
)))
("C:\Users\Steven.beyer\AppData\Local\Programs\MiKTeX 2.9\tex\generic\pgf\front
endlayer\tikz\libraries\tikzlibrarycalc.code.tex"
File: tikzlibrarycalc.code.tex 2013/07/15 v3.0.1a (rcs-revision 1.9)
)
("C:\Users\Steven.beyer\AppData\Local\Programs\MiKTeX 2.9\tex\generic\pgf\libra
ries\pgflibraryarrows.code.tex"
File: pgflibraryarrows.code.tex 2013/09/23 v3.0.1a (rcs-revision 1.16)
\arrowsize=\dimen162
)
("C:\Users\Steven.beyer\AppData\Local\Programs\MiKTeX 2.9\tex\generic\circuitik
z\pgfcirc.defines.tex"
\pgf@circ@res@up=\dimen163
\pgf@circ@res@down=\dimen164
\pgf@circ@res@zero=\dimen165
\pgf@circ@res@left=\dimen166
\pgf@circ@res@right=\dimen167
\pgf@circ@res@other=\dimen168
\pgf@circ@res@step=\dimen169
\pgf@circ@res@temp=\dimen170
\pgfstartlinewidth=\dimen171
\pgf@circ@Rlen=\dimen172
)
("C:\Users\Steven.beyer\AppData\Local\Programs\MiKTeX 2.9\tex\generic\circuitik
z\pgfcircutils.tex")
("C:\Users\Steven.beyer\AppData\Local\Programs\MiKTeX 2.9\tex\generic\circuitik
z\pgfcircshapes.tex")
("C:\Users\Steven.beyer\AppData\Local\Programs\MiKTeX 2.9\tex\generic\circuitik
z\pgfcircmonopoles.tex")
("C:\Users\Steven.beyer\AppData\Local\Programs\MiKTeX 2.9\tex\generic\circuitik
z\pgfcircbipoles.tex")
("C:\Users\Steven.beyer\AppData\Local\Programs\MiKTeX 2.9\tex\generic\circuitik
z\pgfcirctripoles.tex")
("C:\Users\Steven.beyer\AppData\Local\Programs\MiKTeX 2.9\tex\generic\circuitik
z\pgfcircquadpoles.tex")
("C:\Users\Steven.beyer\AppData\Local\Programs\MiKTeX 2.9\tex\generic\circuitik
z\pgfcirclabel.tex")
("C:\Users\Steven.beyer\AppData\Local\Programs\MiKTeX 2.9\tex\generic\circuitik
z\pgfcircvoltage.tex")
("C:\Users\Steven.beyer\AppData\Local\Programs\MiKTeX 2.9\tex\generic\circuitik
z\pgfcirccurrent.tex")
("C:\Users\Steven.beyer\AppData\Local\Programs\MiKTeX 2.9\tex\generic\circuitik
z\pgfcircflow.tex")
("C:\Users\Steven.beyer\AppData\Local\Programs\MiKTeX 2.9\tex\generic\circuitik
z\pgfcircpath.tex")
("C:\Users\Steven.beyer\AppData\Local\Programs\MiKTeX 2.9\tex\latex\xstring\xst
ring.sty"
("C:\Users\Steven.beyer\AppData\Local\Programs\MiKTeX 2.9\tex\generic\xstring\x
string.tex"
\@xs@message=\write4
\integerpart=\count114
\decimalpart=\count115
)
Package: xstring 2013/10/13  v1.7c  String manipulations (C Tellechea)
)
("C:\Users\Steven.beyer\AppData\Local\Programs\MiKTeX 2.9\tex\latex\siunitx\siu
nitx.sty"
("C:\Users\Steven.beyer\AppData\Local\Programs\MiKTeX 2.9\tex\latex\l3kernel\ex
pl3.sty"
Package: expl3 2018-06-14 L3 programming layer (loader) 

("C:\Users\Steven.beyer\AppData\Local\Programs\MiKTeX 2.9\tex\latex\l3kernel\ex
pl3-code.tex"
Package: expl3 2018-06-14 L3 programming layer (code)
\c_max_int=\count116
\l_tmpa_int=\count117
\l_tmpb_int=\count118
\g_tmpa_int=\count119
\g_tmpb_int=\count120
\g__kernel_prg_map_int=\count121
\c_log_iow=\count122
\l_iow_line_count_int=\count123
\l__iow_line_target_int=\count124
\l__iow_one_indent_int=\count125
\l__iow_indent_int=\count126
\c_zero_dim=\dimen173
\c_max_dim=\dimen174
\l_tmpa_dim=\dimen175
\l_tmpb_dim=\dimen176
\g_tmpa_dim=\dimen177
\g_tmpb_dim=\dimen178
\c_zero_skip=\skip58
\c_max_skip=\skip59
\l_tmpa_skip=\skip60
\l_tmpb_skip=\skip61
\g_tmpa_skip=\skip62
\g_tmpb_skip=\skip63
\c_zero_muskip=\muskip11
\c_max_muskip=\muskip12
\l_tmpa_muskip=\muskip13
\l_tmpb_muskip=\muskip14
\g_tmpa_muskip=\muskip15
\g_tmpb_muskip=\muskip16
\l_keys_choice_int=\count127
\l__intarray_loop_int=\count128
\c__intarray_sp_dim=\dimen179
\g__intarray_font_int=\count129
\c__fp_leading_shift_int=\count130
\c__fp_middle_shift_int=\count131
\c__fp_trailing_shift_int=\count132
\c__fp_big_leading_shift_int=\count133
\c__fp_big_middle_shift_int=\count134
\c__fp_big_trailing_shift_int=\count135
\c__fp_Bigg_leading_shift_int=\count136
\c__fp_Bigg_middle_shift_int=\count137
\c__fp_Bigg_trailing_shift_int=\count138
\c__kernel_randint_max_int=\count139
\g__fp_array_int=\count140
\l__fp_array_loop_int=\count141
\l__sort_length_int=\count142
\l__sort_min_int=\count143
\l__sort_top_int=\count144
\l__sort_max_int=\count145
\l__sort_true_max_int=\count146
\l__sort_block_int=\count147
\l__sort_begin_int=\count148
\l__sort_end_int=\count149
\l__sort_A_int=\count150
\l__sort_B_int=\count151
\l__sort_C_int=\count152
\l__tl_analysis_normal_int=\count153
\l__tl_analysis_index_int=\count154
\l__tl_analysis_nesting_int=\count155
\l__tl_analysis_type_int=\count156
\l__regex_internal_a_int=\count157
\l__regex_internal_b_int=\count158
\l__regex_internal_c_int=\count159
\l__regex_balance_int=\count160
\l__regex_group_level_int=\count161
\l__regex_mode_int=\count162
\c__regex_cs_in_class_mode_int=\count163
\c__regex_cs_mode_int=\count164
\l__regex_catcodes_int=\count165
\l__regex_default_catcodes_int=\count166
\c__regex_catcode_D_int=\count167
\c__regex_catcode_S_int=\count168
\c__regex_catcode_L_int=\count169
\c__regex_catcode_O_int=\count170
\c__regex_catcode_A_int=\count171
\c__regex_all_catcodes_int=\count172
\l__regex_show_lines_int=\count173
\l__regex_min_state_int=\count174
\l__regex_max_state_int=\count175
\l__regex_left_state_int=\count176
\l__regex_right_state_int=\count177
\l__regex_capturing_group_int=\count178
\l__regex_min_pos_int=\count179
\l__regex_max_pos_int=\count180
\l__regex_curr_pos_int=\count181
\l__regex_start_pos_int=\count182
\l__regex_success_pos_int=\count183
\l__regex_curr_char_int=\count184
\l__regex_curr_catcode_int=\count185
\l__regex_last_char_int=\count186
\l__regex_case_changed_char_int=\count187
\l__regex_curr_state_int=\count188
\l__regex_step_int=\count189
\l__regex_min_active_int=\count190
\l__regex_max_active_int=\count191
\l__regex_replacement_csnames_int=\count192
\l__regex_match_count_int=\count193
\l__regex_min_submatch_int=\count194
\l__regex_submatch_int=\count195
\l__regex_zeroth_submatch_int=\count196
\g__regex_trace_regex_int=\count197
\c_empty_box=\box43
\l_tmpa_box=\box44
\l_tmpb_box=\box45
\g_tmpa_box=\box46
\g_tmpb_box=\box47
\l__box_top_dim=\dimen180
\l__box_bottom_dim=\dimen181
\l__box_left_dim=\dimen182
\l__box_right_dim=\dimen183
\l__box_top_new_dim=\dimen184
\l__box_bottom_new_dim=\dimen185
\l__box_left_new_dim=\dimen186
\l__box_right_new_dim=\dimen187
\l__box_internal_box=\box48
\l__coffin_internal_box=\box49
\l__coffin_internal_dim=\dimen188
\l__coffin_offset_x_dim=\dimen189
\l__coffin_offset_y_dim=\dimen190
\l__coffin_x_dim=\dimen191
\l__coffin_y_dim=\dimen192
\l__coffin_x_prime_dim=\dimen193
\l__coffin_y_prime_dim=\dimen194
\c_empty_coffin=\box50
\l__coffin_aligned_coffin=\box51
\l__coffin_aligned_internal_coffin=\box52
\l_tmpa_coffin=\box53
\l_tmpb_coffin=\box54
\l__coffin_display_coffin=\box55
\l__coffin_display_coord_coffin=\box56
\l__coffin_display_pole_coffin=\box57
\l__coffin_display_offset_dim=\dimen195
\l__coffin_display_x_dim=\dimen196
\l__coffin_display_y_dim=\dimen197
\g__file_internal_ior=\read2
\l__coffin_bounding_shift_dim=\dimen198
\l__coffin_left_corner_dim=\dimen199
\l__coffin_right_corner_dim=\dimen256
\l__coffin_bottom_corner_dim=\dimen257
\l__coffin_top_corner_dim=\dimen258
\l__coffin_scaled_total_height_dim=\dimen259
\l__coffin_scaled_width_dim=\dimen260
\l__seq_internal_a_int=\count198
\l__seq_internal_b_int=\count199
)
("C:\Users\Steven.beyer\AppData\Local\Programs\MiKTeX 2.9\tex\latex\l3kernel\l3
pdfmode.def"
File: l3pdfmode.def 2018-06-14 v L3 Experimental driver: PDF mode
\l__driver_color_stack_int=\count266
))
("C:\Users\Steven.beyer\AppData\Local\Programs\MiKTeX 2.9\tex\latex\l3packages\
xparse\xparse.sty"
Package: xparse 2018-05-12 L3 Experimental document command parser
\l__xparse_current_arg_int=\count267
\g__xparse_grabber_int=\count268
\l__xparse_m_args_int=\count269
\l__xparse_mandatory_args_int=\count270
\l__xparse_v_nesting_int=\count271
)
Package: siunitx 2018/05/17 v2.7s A comprehensive (SI) units package

("C:\Users\Steven.beyer\AppData\Local\Programs\MiKTeX 2.9\tex\latex\l3packages\
l3keys2e\l3keys2e.sty"
Package: l3keys2e 2018-05-12 LaTeX2e option processing using LaTeX3 keys
)
\l__siunitx_tmp_box=\box58
\l__siunitx_tmp_dim=\dimen261
\l__siunitx_tmp_int=\count272
\l__siunitx_number_mantissa_length_int=\count273
\l__siunitx_number_uncert_length_int=\count274
\l__siunitx_round_int=\count275
\l__siunitx_process_decimal_int=\count276
\l__siunitx_process_uncertainty_int=\count277
\l__siunitx_process_fixed_int=\count278
\l__siunitx_process_integer_min_int=\count279
\l__siunitx_process_precision_int=\count280
\l__siunitx_group_min_int=\count281
\l__siunitx_angle_marker_box=\box59
\l__siunitx_angle_unit_box=\box60
\l__siunitx_angle_marker_dim=\dimen262
\l__siunitx_angle_unit_dim=\dimen263
\l__siunitx_unit_int=\count282
\l__siunitx_unit_denominator_int=\count283
\l__siunitx_unit_numerator_int=\count284
\l__siunitx_unit_prefix_int=\count285
\l__siunitx_unit_prefix_base_int=\count286
\l__siunitx_unit_prefix_gram_int=\count287
\l__siunitx_number_product_int=\count288
\c__siunitx_one_fill_skip=\skip64
\l__siunitx_table_unit_align_skip=\skip65
\l__siunitx_table_exponent_dim=\dimen264
\l__siunitx_table_integer_dim=\dimen265
\l__siunitx_table_mantissa_dim=\dimen266
\l__siunitx_table_marker_dim=\dimen267
\l__siunitx_table_result_dim=\dimen268
\l__siunitx_table_uncert_dim=\dimen269
\l__siunitx_table_fill_pre_dim=\dimen270
\l__siunitx_table_fill_post_dim=\dimen271
\l__siunitx_table_fill_mid_dim=\dimen272
\l__siunitx_table_pre_box=\box61
\l__siunitx_table_post_box=\box62
\l__siunitx_table_mantissa_box=\box63
\l__siunitx_table_result_box=\box64
\l__siunitx_table_number_align_skip=\skip66
\l__siunitx_table_text_align_skip=\skip67
.................................................
. LaTeX info: "xparse/define-command"
. 
. Defining command \DeclareBinaryPrefix with sig. 'mmm' on line 7237.
.................................................
.................................................
. LaTeX info: "xparse/define-command"
. 
. Defining command \DeclareSIPostPower with sig. 'mm' on line 7240.
.................................................
.................................................
. LaTeX info: "xparse/define-command"
. 
. Defining command \DeclareSIPrefix with sig. 'mmm' on line 7243.
.................................................
.................................................
. LaTeX info: "xparse/define-command"
. 
. Defining command \DeclareSIPrePower with sig. 'mm' on line 7246.
.................................................
.................................................
. LaTeX info: "xparse/define-command"
. 
. Defining command \DeclareSIQualifier with sig. 'mm' on line 7249.
.................................................
.................................................
. LaTeX info: "xparse/define-command"
. 
. Defining command \DeclareSIUnit with sig. 'O{}mm' on line 7252.
.................................................
.................................................
. LaTeX info: "xparse/define-command"
. 
. Defining command \DeclareSIUnitWithOptions with sig. 'mmm' on line 7255.
.................................................
.................................................
. LaTeX info: "xparse/define-command"
. 
. Defining command \ang with sig. 'o>{\SplitArgument {2}{;}}m' on line 7270.
.................................................
.................................................
. LaTeX info: "xparse/define-command"
. 
. Defining command \num with sig. 'om' on line 7279.
.................................................
.................................................
. LaTeX info: "xparse/define-command"
. 
. Defining command \numlist with sig. 'o>{\SplitList {;}}m' on line 7288.
.................................................
.................................................
. LaTeX info: "xparse/define-command"
. 
. Defining command \numrange with sig. 'omm' on line 7297.
.................................................
.................................................
. LaTeX info: "xparse/define-command"
. 
. Defining command \SIlist with sig. 'o>{\SplitList {;}}mm' on line 7309.
.................................................
.................................................
. LaTeX info: "xparse/define-command"
. 
. Defining command \SIrange with sig. 'ommm' on line 7321.
.................................................
.................................................
. LaTeX info: "xparse/define-command"
. 
. Defining command \SI with sig. 'omom' on line 7333.
.................................................
.................................................
. LaTeX info: "xparse/define-command"
. 
. Defining command \sisetup with sig. 'm' on line 7336.
.................................................
.................................................
. LaTeX info: "xparse/define-command"
. 
. Defining command \tablenum with sig. 'om' on line 7351.
.................................................
.................................................
. LaTeX info: "xparse/define-command"
. 
. Defining command \si with sig. 'om' on line 7363.
.................................................
.................................................
. LaTeX info: "xparse/define-command"
. 
. Defining command \numInBookmark with sig. 'om' on line 7410.
.................................................
.................................................
. LaTeX info: "xparse/define-command"
. 
. Defining command \numrangeInBookmark with sig. 'omm' on line 7412.
.................................................
.................................................
. LaTeX info: "xparse/define-command"
. 
. Defining command \SIInBookmark with sig. 'omom' on line 7414.
.................................................
.................................................
. LaTeX info: "xparse/define-command"
. 
. Defining command \SIlistInBookmark with sig. 'omm' on line 7416.
.................................................
.................................................
. LaTeX info: "xparse/define-command"
. 
. Defining command \SIrangeInBookmark with sig. 'ommm' on line 7418.
.................................................
.................................................
. LaTeX info: "xparse/define-command"
. 
. Defining command \siInBookmark with sig. 'om' on line 7419.
.................................................

("C:\Users\Steven.beyer\AppData\Local\Programs\MiKTeX 2.9\tex\latex\translator\
translator.sty"
Package: translator 2018/01/04 v1.12 Easy translation of strings in LaTeX
)))
("C:\Users\Steven.beyer\AppData\Local\Programs\MiKTeX 2.9\tex\generic\pgf\front
endlayer\tikz\libraries\tikzlibrarypositioning.code.tex"
File: tikzlibrarypositioning.code.tex 2008/10/06 v3.0.1a (rcs-revision 1.7)
)
("C:\Users\Steven.beyer\AppData\Local\Programs\MiKTeX 2.9\tex\generic\pgf\front
endlayer\tikz\libraries\tikzlibraryfit.code.tex"
File: tikzlibraryfit.code.tex 2013/07/12 v3.0.1a (rcs-revision 1.5)
)
("C:\Users\Steven.beyer\AppData\Local\Programs\MiKTeX 2.9\tex\latex\base\articl
e.cls"
Document Class: article 2014/09/29 v1.4h Standard LaTeX document class

("C:\Users\Steven.beyer\AppData\Local\Programs\MiKTeX 2.9\tex\latex\base\size10
.clo"
File: size10.clo 2014/09/29 v1.4h Standard LaTeX file (size option)
)
\c@part=\count289
\c@section=\count290
\c@subsection=\count291
\c@subsubsection=\count292
\c@paragraph=\count293
\c@subparagraph=\count294
\c@figure=\count295
\c@table=\count296
\abovecaptionskip=\skip68
\belowcaptionskip=\skip69
\bibindent=\dimen273
)
("C:\Users\Steven.beyer\AppData\Local\Programs\MiKTeX 2.9\tex\latex\enumitem\en
umitem.sty"
Package: enumitem 2011/09/28 v3.5.2 Customized lists
\labelindent=\skip70
\enit@outerparindent=\dimen274
\enit@toks=\toks37
\enit@inbox=\box65
\enitdp@description=\count297
)
("C:\Users\Steven.beyer\AppData\Local\Programs\MiKTeX 2.9\tex\latex\caption\cap
tion.sty"
Package: caption 2018/05/01 v3.3-147 Customizing captions (AR)

("C:\Users\Steven.beyer\AppData\Local\Programs\MiKTeX 2.9\tex\latex\caption\cap
tion3.sty"
Package: caption3 2018/05/27 v1.8a caption3 kernel (AR)
Package caption3 Info: TeX engine: e-TeX on input line 64.
\captionmargin=\dimen275
\captionmargin@=\dimen276
\captionwidth=\dimen277
\caption@tempdima=\dimen278
\caption@indent=\dimen279
\caption@parindent=\dimen280
\caption@hangindent=\dimen281
)
\c@ContinuedFloat=\count298
Package caption Info: float package is loaded.
)
\c@questionnumber=\count299

("C:\Users\Steven.beyer\AppData\Local\Programs\MiKTeX 2.9\tex\latex\listings\li
stings.sty"
\lst@mode=\count300
\lst@gtempboxa=\box66
\lst@token=\toks38
\lst@length=\count301
\lst@currlwidth=\dimen282
\lst@column=\count302
\lst@pos=\count303
\lst@lostspace=\dimen283
\lst@width=\dimen284
\lst@newlines=\count304
\lst@lineno=\count305
\lst@maxwidth=\dimen285

("C:\Users\Steven.beyer\AppData\Local\Programs\MiKTeX 2.9\tex\latex\listings\ls
tmisc.sty"
File: lstmisc.sty 2015/06/04 1.6 (Carsten Heinz)
\c@lstnumber=\count306
\lst@skipnumbers=\count307
\lst@framebox=\box67
)
("C:\Users\Steven.beyer\AppData\Local\Programs\MiKTeX 2.9\tex\latex\listings\li
stings.cfg"
File: listings.cfg 2015/06/04 1.6 listings configuration
))
Package: listings 2015/06/04 1.6 (Carsten Heinz)

("C:\Users\Steven.beyer\AppData\Local\Programs\MiKTeX 2.9\tex\latex\listings\ls
tlang1.sty"
File: lstlang1.sty 2015/06/04 1.6 listings language file
))
("C:\Users\Steven.beyer\AppData\Local\Programs\MiKTeX 2.9\tex\latex\url\url.sty
"
\Urlmuskip=\muskip17
Package: url 2013/09/16  ver 3.4  Verb mode for urls, etc.
) (../arduinoLanguage.tex
("C:\Users\Steven.beyer\AppData\Local\Programs\MiKTeX 2.9\tex\latex\psnfss\cour
ier.sty"
Package: courier 2005/04/12 PSNFSS-v9.2a (WaS) 
))
("C:\Users\Steven.beyer\AppData\Local\Programs\MiKTeX 2.9\tex\latex\listings\ls
tlang1.sty"
File: lstlang1.sty 2015/06/04 1.6 listings language file
)
("C:\Users\Steven.beyer\AppData\Local\Programs\MiKTeX 2.9\tex\latex\listings\ls
tlang1.sty"
File: lstlang1.sty 2015/06/04 1.6 listings language file
)
("C:\Users\Steven.beyer\AppData\Local\Programs\MiKTeX 2.9\tex\latex\listings\ls
tmisc.sty"
File: lstmisc.sty 2015/06/04 1.6 (Carsten Heinz)
) ("Lab 11 - Obstacle Avoidance.aux")
\openout1 = `"Lab 11 - Obstacle Avoidance.aux"'.

LaTeX Font Info:    Checking defaults for OML/cmm/m/it on input line 21.
LaTeX Font Info:    ... okay on input line 21.
LaTeX Font Info:    Checking defaults for T1/cmr/m/n on input line 21.
LaTeX Font Info:    ... okay on input line 21.
LaTeX Font Info:    Checking defaults for OT1/cmr/m/n on input line 21.
LaTeX Font Info:    ... okay on input line 21.
LaTeX Font Info:    Checking defaults for OMS/cmsy/m/n on input line 21.
LaTeX Font Info:    ... okay on input line 21.
LaTeX Font Info:    Checking defaults for OMX/cmex/m/n on input line 21.
LaTeX Font Info:    ... okay on input line 21.
LaTeX Font Info:    Checking defaults for U/cmr/m/n on input line 21.
LaTeX Font Info:    ... okay on input line 21.
Package lastpage Info: Please have a look at the pageslts package at
(lastpage)             https://www.ctan.org/pkg/pageslts
(lastpage)             ! on input line 21.

("C:\Users\Steven.beyer\AppData\Local\Programs\MiKTeX 2.9\tex\context\base\supp
-pdf.mkii"
[Loading MPS to PDF converter (version 2006.09.02).]
\scratchcounter=\count308
\scratchdimen=\dimen286
\scratchbox=\box68
\nofMPsegments=\count309
\nofMParguments=\count310
\everyMPshowfont=\toks39
\MPscratchCnt=\count311
\MPscratchDim=\dimen287
\MPnumerator=\count312
\makeMPintoPDFobject=\count313
\everyMPtoPDFconversion=\toks40
)
("C:\Users\Steven.beyer\AppData\Local\Programs\MiKTeX 2.9\tex\latex\oberdiek\ep
stopdf-base.sty"
Package: epstopdf-base 2016/05/15 v2.6 Base part for package epstopdf

("C:\Users\Steven.beyer\AppData\Local\Programs\MiKTeX 2.9\tex\generic\oberdiek\
infwarerr.sty"
Package: infwarerr 2016/05/16 v1.4 Providing info/warning/error messages (HO)
)
("C:\Users\Steven.beyer\AppData\Local\Programs\MiKTeX 2.9\tex\latex\oberdiek\gr
fext.sty"
Package: grfext 2016/05/16 v1.2 Manage graphics extensions (HO)

("C:\Users\Steven.beyer\AppData\Local\Programs\MiKTeX 2.9\tex\generic\oberdiek\
kvdefinekeys.sty"
Package: kvdefinekeys 2016/05/16 v1.4 Define keys (HO)

("C:\Users\Steven.beyer\AppData\Local\Programs\MiKTeX 2.9\tex\generic\oberdiek\
ltxcmds.sty"
Package: ltxcmds 2016/05/16 v1.23 LaTeX kernel commands for general use (HO)
)))
("C:\Users\Steven.beyer\AppData\Local\Programs\MiKTeX 2.9\tex\latex\oberdiek\kv
options.sty"
Package: kvoptions 2016/05/16 v3.12 Key value format for package options (HO)

("C:\Users\Steven.beyer\AppData\Local\Programs\MiKTeX 2.9\tex\generic\oberdiek\
kvsetkeys.sty"
Package: kvsetkeys 2016/05/16 v1.17 Key value parser (HO)

("C:\Users\Steven.beyer\AppData\Local\Programs\MiKTeX 2.9\tex\generic\oberdiek\
etexcmds.sty"
Package: etexcmds 2016/05/16 v1.6 Avoid name clashes with e-TeX commands (HO)

("C:\Users\Steven.beyer\AppData\Local\Programs\MiKTeX 2.9\tex\generic\oberdiek\
ifluatex.sty"
Package: ifluatex 2016/05/16 v1.4 Provides the ifluatex switch (HO)
Package ifluatex Info: LuaTeX not detected.
)
Package etexcmds Info: Could not find \expanded.
(etexcmds)             That can mean that you are not using pdfTeX 1.50 or
(etexcmds)             that some package has redefined \expanded.
(etexcmds)             In the latter case, load this package earlier.
)))
("C:\Users\Steven.beyer\AppData\Local\Programs\MiKTeX 2.9\tex\generic\oberdiek\
pdftexcmds.sty"
Package: pdftexcmds 2018/01/30 v0.27 Utility functions of pdfTeX for LuaTeX (HO
)

("C:\Users\Steven.beyer\AppData\Local\Programs\MiKTeX 2.9\tex\generic\oberdiek\
ifpdf.sty"
Package: ifpdf 2017/03/15 v3.2 Provides the ifpdf switch
)
Package pdftexcmds Info: LuaTeX not detected.
Package pdftexcmds Info: \pdf@primitive is available.
Package pdftexcmds Info: \pdf@ifprimitive is available.
Package pdftexcmds Info: \pdfdraftmode found.
)
Package epstopdf-base Info: Redefining graphics rule for `.eps' on input line 4
38.
Package grfext Info: Graphics extension search list:
(grfext)             [.pdf,.jpeg,.png,.eps]
(grfext)             \AppendGraphicsExtensions on input line 456.
) ABD: EveryShipout initializing macros
Now handling font encoding TS1 ...
... processing UTF-8 mapping file for font encoding TS1

("C:\Users\Steven.beyer\AppData\Local\Programs\MiKTeX 2.9\tex\latex\base\ts1enc
.dfu"
File: ts1enc.dfu 2018/04/05 v1.2c UTF-8 support for inputenc
   defining Unicode char U+00A2 (decimal 162)
   defining Unicode char U+00A3 (decimal 163)
   defining Unicode char U+00A4 (decimal 164)
   defining Unicode char U+00A5 (decimal 165)
   defining Unicode char U+00A6 (decimal 166)
   defining Unicode char U+00A7 (decimal 167)
   defining Unicode char U+00A8 (decimal 168)
   defining Unicode char U+00A9 (decimal 169)
   defining Unicode char U+00AA (decimal 170)
   defining Unicode char U+00AC (decimal 172)
   defining Unicode char U+00AE (decimal 174)
   defining Unicode char U+00AF (decimal 175)
   defining Unicode char U+00B0 (decimal 176)
   defining Unicode char U+00B1 (decimal 177)
   defining Unicode char U+00B2 (decimal 178)
   defining Unicode char U+00B3 (decimal 179)
   defining Unicode char U+00B4 (decimal 180)
   defining Unicode char U+00B5 (decimal 181)
   defining Unicode char U+00B6 (decimal 182)
   defining Unicode char U+00B7 (decimal 183)
   defining Unicode char U+00B9 (decimal 185)
   defining Unicode char U+00BA (decimal 186)
   defining Unicode char U+00BC (decimal 188)
   defining Unicode char U+00BD (decimal 189)
   defining Unicode char U+00BE (decimal 190)
   defining Unicode char U+00D7 (decimal 215)
   defining Unicode char U+00F7 (decimal 247)
   defining Unicode char U+0192 (decimal 402)
   defining Unicode char U+02C7 (decimal 711)
   defining Unicode char U+02D8 (decimal 728)
   defining Unicode char U+02DD (decimal 733)
   defining Unicode char U+0E3F (decimal 3647)
   defining Unicode char U+2016 (decimal 8214)
   defining Unicode char U+2020 (decimal 8224)
   defining Unicode char U+2021 (decimal 8225)
   defining Unicode char U+2022 (decimal 8226)
   defining Unicode char U+2030 (decimal 8240)
   defining Unicode char U+2031 (decimal 8241)
   defining Unicode char U+203B (decimal 8251)
   defining Unicode char U+203D (decimal 8253)
   defining Unicode char U+2044 (decimal 8260)
   defining Unicode char U+204E (decimal 8270)
   defining Unicode char U+2052 (decimal 8274)
   defining Unicode char U+20A1 (decimal 8353)
   defining Unicode char U+20A4 (decimal 8356)
   defining Unicode char U+20A6 (decimal 8358)
   defining Unicode char U+20A9 (decimal 8361)
   defining Unicode char U+20AB (decimal 8363)
   defining Unicode char U+20AC (decimal 8364)
   defining Unicode char U+20B1 (decimal 8369)
   defining Unicode char U+2103 (decimal 8451)
   defining Unicode char U+2116 (decimal 8470)
   defining Unicode char U+2117 (decimal 8471)
   defining Unicode char U+211E (decimal 8478)
   defining Unicode char U+2120 (decimal 8480)
   defining Unicode char U+2122 (decimal 8482)
   defining Unicode char U+2126 (decimal 8486)
   defining Unicode char U+2127 (decimal 8487)
   defining Unicode char U+212E (decimal 8494)
   defining Unicode char U+2190 (decimal 8592)
   defining Unicode char U+2191 (decimal 8593)
   defining Unicode char U+2192 (decimal 8594)
   defining Unicode char U+2193 (decimal 8595)
   defining Unicode char U+2329 (decimal 9001)
   defining Unicode char U+232A (decimal 9002)
   defining Unicode char U+2422 (decimal 9250)
   defining Unicode char U+25E6 (decimal 9702)
   defining Unicode char U+25EF (decimal 9711)
   defining Unicode char U+266A (decimal 9834)
   defining Unicode char U+FEFF (decimal 65279)
)
("C:\Users\Steven.beyer\AppData\Local\Programs\MiKTeX 2.9\tex\latex\translator\
translator-basic-dictionary-English.dict"
Dictionary: translator-basic-dictionary, Language: English 
)
("C:\Users\Steven.beyer\AppData\Local\Programs\MiKTeX 2.9\tex\latex\siunitx\siu
nitx-abbreviations.cfg"
File: siunitx-abbreviations.cfg 2017/11/26 v2.7k siunitx: Abbreviated units
)
Package caption Info: Begin \AtBeginDocument code.
Package caption Info: listings package is loaded.
Package caption Info: End \AtBeginDocument code.
\c@lstlisting=\count314
LaTeX Font Info:    Try loading font information for U+msa on input line 21.

("C:\Users\Steven.beyer\AppData\Local\Programs\MiKTeX 2.9\tex\latex\amsfonts\um
sa.fd"
File: umsa.fd 2013/01/14 v3.01 AMS symbols A
)
LaTeX Font Info:    Try loading font information for U+msb on input line 21.

("C:\Users\Steven.beyer\AppData\Local\Programs\MiKTeX 2.9\tex\latex\amsfonts\um
sb.fd"
File: umsb.fd 2013/01/14 v3.01 AMS symbols B
)
LaTeX Font Info:    Try loading font information for U+rsfs on input line 21.

("C:\Users\Steven.beyer\AppData\Local\Programs\MiKTeX 2.9\tex\latex\jknappen\ur
sfs.fd"
File: ursfs.fd 1998/03/24 rsfs font definition file (jk)
)

Package Fancyhdr Warning: \headheight is too small (12.0pt): 
 Make it at least 14.0pt.
 We now make it that large for the rest of the document.
 This may cause the page layout to be inconsistent, however.

[1{C:/Users/Steven.beyer/AppData/Local/MiKTeX/2.9/pdftex/config/pdftex.map}

]
LaTeX Font Info:    Try loading font information for OT1+pcr on input line 59.

("C:\Users\Steven.beyer\AppData\Local\Programs\MiKTeX 2.9\tex\latex\psnfss\ot1p
cr.fd"
File: ot1pcr.fd 2001/06/04 font definitions for OT1/pcr.
)

LaTeX Warning: Command \textquotedblright invalid in math mode on input line 61
.

Package epstopdf Info: Source file: <ir.eps>
(epstopdf)                    date: 2019-01-10 11:28:20
(epstopdf)                    size: 530196 bytes
(epstopdf)             Output file: <ir-eps-converted-to.pdf>
(epstopdf)                    date: 2019-03-16 13:10:52
(epstopdf)                    size: 300975 bytes
(epstopdf)             Command: <epstopdf --outfile=ir-eps-converted-to.pdf ir.
eps>
(epstopdf)             \includegraphics on input line 65.
Package epstopdf Info: Output file is already uptodate.
<ir-eps-converted-to.pdf, id=14, 503.8825pt x 299.1175pt>
File: ir-eps-converted-to.pdf Graphic file (type pdf)
<use ir-eps-converted-to.pdf>
Package pdftex.def Info: ir-eps-converted-to.pdf  used on input line 65.
(pdftex.def)             Requested size: 352.31624pt x 209.14348pt.
LaTeX Font Info:    Try loading font information for OMS+cmr on input line 77.

("C:\Users\Steven.beyer\AppData\Local\Programs\MiKTeX 2.9\tex\latex\base\omscmr
.fd"
File: omscmr.fd 2014/09/29 v2.5h Standard LaTeX font definitions
)
LaTeX Font Info:    Font shape `OMS/cmr/m/n' in size <8> not available
(Font)              Font shape `OMS/cmsy/m/n' tried instead on input line 77.


Package Fancyhdr Warning: \headheight is too small (14.0pt): 
 Make it at least 26.53336pt.
 We now make it that large for the rest of the document.
 This may cause the page layout to be inconsistent, however.

[2

 <./ir-eps-converted-to.pdf>]
LaTeX Font Info:    Font shape `OT1/pcr/bx/n' in size <10> not available
(Font)              Font shape `OT1/pcr/b/n' tried instead on input line 100.
 
AED: lastpage setting LastPage
[3

] ("Lab 11 - Obstacle Avoidance.aux") ) 
Here is how much of TeX's memory you used:
 34782 strings out of 492973
 768846 string characters out of 3123591
 916398 words of memory out of 3000000
 38215 multiletter control sequences out of 15000+200000
 543718 words of font info for 71 fonts, out of 3000000 for 9000
 1141 hyphenation exceptions out of 8191
 69i,11n,67p,534b,1620s stack positions out of 5000i,500n,10000p,200000b,50000s
{C:/Users/Steven.beyer/AppData/Local/Pro
grams/MiKTeX 2.9/fonts/enc/dvips/base/8r.enc}<C:/Users/Steven.beyer/AppData/Loc
al/Programs/MiKTeX 2.9/fonts/type1/public/amsfonts/cm/cmbx10.pfb><C:/Users/Stev
en.beyer/AppData/Local/Programs/MiKTeX 2.9/fonts/type1/public/amsfonts/cm/cmbx1
2.pfb><C:/Users/Steven.beyer/AppData/Local/Programs/MiKTeX 2.9/fonts/type1/publ
ic/amsfonts/cm/cmbx8.pfb><C:/Users/Steven.beyer/AppData/Local/Programs/MiKTeX 2
.9/fonts/type1/public/amsfonts/cm/cmmi10.pfb><C:/Users/Steven.beyer/AppData/Loc
al/Programs/MiKTeX 2.9/fonts/type1/public/amsfonts/cm/cmr10.pfb><C:/Users/Steve
n.beyer/AppData/Local/Programs/MiKTeX 2.9/fonts/type1/public/amsfonts/cm/cmr12.
pfb><C:/Users/Steven.beyer/AppData/Local/Programs/MiKTeX 2.9/fonts/type1/public
/amsfonts/cm/cmr17.pfb><C:/Users/Steven.beyer/AppData/Local/Programs/MiKTeX 2.9
/fonts/type1/public/amsfonts/cm/cmr6.pfb><C:/Users/Steven.beyer/AppData/Local/P
rograms/MiKTeX 2.9/fonts/type1/public/amsfonts/cm/cmr7.pfb><C:/Users/Steven.bey
er/AppData/Local/Programs/MiKTeX 2.9/fonts/type1/public/amsfonts/cm/cmr8.pfb><C
:/Users/Steven.beyer/AppData/Local/Programs/MiKTeX 2.9/fonts/type1/public/amsfo
nts/cm/cmsy10.pfb><C:/Users/Steven.beyer/AppData/Local/Programs/MiKTeX 2.9/font
s/type1/public/amsfonts/cm/cmsy8.pfb><C:/Users/Steven.beyer/AppData/Local/Progr
ams/MiKTeX 2.9/fonts/type1/public/amsfonts/cm/cmti10.pfb><C:/Users/Steven.beyer
/AppData/Local/Programs/MiKTeX 2.9/fonts/type1/urw/courier/ucrb8a.pfb><C:/Users
/Steven.beyer/AppData/Local/Programs/MiKTeX 2.9/fonts/type1/urw/courier/ucrr8a.
pfb>
Output written on "Lab 11 - Obstacle Avoidance.pdf" (3 pages, 487939 bytes).
PDF statistics:
 88 PDF objects out of 1000 (max. 8388607)
 0 named destinations out of 1000 (max. 500000)
 18 words of extra memory for PDF output out of 10000 (max. 10000000)

